{"G:\\JOBS\\LANDING-STRAPI\\frontend\\src\\components\\Heading\\index.jsx": {"path":"G:\\JOBS\\LANDING-STRAPI\\frontend\\src\\components\\Heading\\index.jsx","all":false,"statementMap":{"0":{"start":{"line":1,"column":0},"end":{"line":1,"column":27}},"1":{"start":{"line":2,"column":0},"end":{"line":2,"column":35}},"2":{"start":{"line":3,"column":0},"end":{"line":3,"column":0}},"3":{"start":{"line":4,"column":0},"end":{"line":4,"column":102}},"4":{"start":{"line":5,"column":0},"end":{"line":5,"column":53}},"5":{"start":{"line":6,"column":0},"end":{"line":6,"column":25}},"6":{"start":{"line":7,"column":0},"end":{"line":7,"column":18}},"7":{"start":{"line":8,"column":0},"end":{"line":8,"column":20}},"8":{"start":{"line":9,"column":0},"end":{"line":9,"column":12}},"9":{"start":{"line":10,"column":0},"end":{"line":10,"column":18}},"10":{"start":{"line":11,"column":0},"end":{"line":11,"column":17}},"11":{"start":{"line":12,"column":0},"end":{"line":12,"column":20}},"12":{"start":{"line":13,"column":0},"end":{"line":13,"column":7}},"13":{"start":{"line":14,"column":0},"end":{"line":14,"column":10}},"14":{"start":{"line":15,"column":0},"end":{"line":15,"column":17}},"15":{"start":{"line":16,"column":0},"end":{"line":16,"column":27}},"16":{"start":{"line":17,"column":0},"end":{"line":17,"column":13}},"17":{"start":{"line":18,"column":0},"end":{"line":18,"column":25}},"18":{"start":{"line":19,"column":0},"end":{"line":19,"column":23}},"19":{"start":{"line":20,"column":0},"end":{"line":20,"column":27}},"20":{"start":{"line":21,"column":0},"end":{"line":21,"column":5}},"21":{"start":{"line":22,"column":0},"end":{"line":22,"column":13}},"22":{"start":{"line":23,"column":0},"end":{"line":23,"column":19}},"23":{"start":{"line":24,"column":0},"end":{"line":24,"column":4}},"24":{"start":{"line":25,"column":0},"end":{"line":25,"column":2}},"25":{"start":{"line":26,"column":0},"end":{"line":26,"column":0}},"26":{"start":{"line":27,"column":0},"end":{"line":27,"column":21}},"27":{"start":{"line":28,"column":0},"end":{"line":28,"column":16}},"28":{"start":{"line":29,"column":0},"end":{"line":29,"column":20}},"29":{"start":{"line":30,"column":0},"end":{"line":30,"column":52}},"30":{"start":{"line":31,"column":0},"end":{"line":31,"column":53}},"31":{"start":{"line":32,"column":0},"end":{"line":32,"column":52}},"32":{"start":{"line":33,"column":0},"end":{"line":33,"column":20}},"33":{"start":{"line":34,"column":0},"end":{"line":34,"column":2}}},"s":{"0":1,"1":1,"2":1,"3":1,"4":1,"5":1,"6":6,"7":6,"8":6,"9":6,"10":6,"11":6,"12":6,"13":6,"14":6,"15":6,"16":6,"17":6,"18":6,"19":6,"20":6,"21":6,"22":6,"23":6,"24":6,"25":1,"26":1,"27":1,"28":1,"29":1,"30":1,"31":1,"32":1,"33":1},"branchMap":{"0":{"type":"branch","line":6,"loc":{"start":{"line":6,"column":24},"end":{"line":25,"column":2}},"locations":[{"start":{"line":6,"column":24},"end":{"line":25,"column":2}}]},"1":{"type":"branch","line":25,"loc":{"start":{"line":25,"column":0},"end":{"line":25,"column":2}},"locations":[{"start":{"line":25,"column":0},"end":{"line":25,"column":2}}]}},"b":{"0":[6],"1":[6]},"fnMap":{"0":{"name":"Heading","decl":{"start":{"line":6,"column":24},"end":{"line":25,"column":2}},"loc":{"start":{"line":6,"column":24},"end":{"line":25,"column":2}},"line":6},"1":{"name":"get","decl":{"start":{"line":25,"column":0},"end":{"line":25,"column":2}},"loc":{"start":{"line":25,"column":0},"end":{"line":25,"column":2}},"line":25}},"f":{"0":6,"1":6}}
,"G:\\JOBS\\LANDING-STRAPI\\frontend\\src\\components\\Heading\\styles.js": {"path":"G:\\JOBS\\LANDING-STRAPI\\frontend\\src\\components\\Heading\\styles.js","all":false,"statementMap":{"0":{"start":{"line":1,"column":0},"end":{"line":1,"column":48}},"1":{"start":{"line":2,"column":0},"end":{"line":2,"column":0}},"2":{"start":{"line":3,"column":0},"end":{"line":3,"column":101}},"3":{"start":{"line":4,"column":0},"end":{"line":4,"column":19}},"4":{"start":{"line":5,"column":0},"end":{"line":5,"column":58}},"5":{"start":{"line":6,"column":0},"end":{"line":6,"column":58}},"6":{"start":{"line":7,"column":0},"end":{"line":7,"column":58}},"7":{"start":{"line":8,"column":0},"end":{"line":8,"column":58}},"8":{"start":{"line":9,"column":0},"end":{"line":9,"column":86}},"9":{"start":{"line":10,"column":0},"end":{"line":10,"column":1}},"10":{"start":{"line":11,"column":0},"end":{"line":11,"column":0}},"11":{"start":{"line":12,"column":0},"end":{"line":12,"column":22}},"12":{"start":{"line":13,"column":0},"end":{"line":13,"column":53}},"13":{"start":{"line":14,"column":0},"end":{"line":14,"column":53}},"14":{"start":{"line":15,"column":0},"end":{"line":15,"column":53}},"15":{"start":{"line":16,"column":0},"end":{"line":16,"column":53}},"16":{"start":{"line":17,"column":0},"end":{"line":17,"column":55}},"17":{"start":{"line":18,"column":0},"end":{"line":18,"column":1}},"18":{"start":{"line":19,"column":0},"end":{"line":19,"column":0}},"19":{"start":{"line":20,"column":0},"end":{"line":20,"column":88}},"20":{"start":{"line":21,"column":0},"end":{"line":21,"column":31}},"21":{"start":{"line":22,"column":0},"end":{"line":22,"column":64}},"22":{"start":{"line":23,"column":0},"end":{"line":23,"column":76}},"23":{"start":{"line":24,"column":0},"end":{"line":24,"column":65}},"24":{"start":{"line":25,"column":0},"end":{"line":25,"column":61}},"25":{"start":{"line":26,"column":0},"end":{"line":26,"column":36}},"26":{"start":{"line":27,"column":0},"end":{"line":27,"column":34}},"27":{"start":{"line":28,"column":0},"end":{"line":28,"column":4}},"28":{"start":{"line":29,"column":0},"end":{"line":29,"column":2}},"29":{"start":{"line":30,"column":0},"end":{"line":30,"column":0}},"30":{"start":{"line":31,"column":0},"end":{"line":31,"column":39}},"31":{"start":{"line":32,"column":0},"end":{"line":32,"column":33}},"32":{"start":{"line":33,"column":0},"end":{"line":33,"column":39}},"33":{"start":{"line":34,"column":0},"end":{"line":34,"column":3}},"34":{"start":{"line":35,"column":0},"end":{"line":35,"column":33}},"35":{"start":{"line":36,"column":0},"end":{"line":36,"column":39}},"36":{"start":{"line":37,"column":0},"end":{"line":37,"column":3}},"37":{"start":{"line":38,"column":0},"end":{"line":38,"column":2}}},"s":{"0":1,"1":1,"2":1,"3":1,"4":1,"5":1,"6":1,"7":1,"8":1,"9":1,"10":1,"11":1,"12":1,"13":1,"14":1,"15":1,"16":1,"17":0,"18":1,"19":1,"20":1,"21":1,"22":6,"23":6,"24":6,"25":6,"26":6,"27":1,"28":1,"29":1,"30":1,"31":1,"32":1,"33":1,"34":1,"35":1,"36":1,"37":1},"branchMap":{"0":{"type":"branch","line":7,"loc":{"start":{"line":7,"column":7},"end":{"line":7,"column":58}},"locations":[{"start":{"line":7,"column":7},"end":{"line":7,"column":58}}]},"1":{"type":"branch","line":9,"loc":{"start":{"line":9,"column":8},"end":{"line":10,"column":1}},"locations":[{"start":{"line":9,"column":8},"end":{"line":10,"column":1}}]},"2":{"type":"branch","line":14,"loc":{"start":{"line":14,"column":7},"end":{"line":14,"column":53}},"locations":[{"start":{"line":14,"column":7},"end":{"line":14,"column":53}}]},"3":{"type":"branch","line":22,"loc":{"start":{"line":22,"column":5},"end":{"line":27,"column":34}},"locations":[{"start":{"line":22,"column":5},"end":{"line":27,"column":34}}]},"4":{"type":"branch","line":23,"loc":{"start":{"line":23,"column":24},"end":{"line":23,"column":56}},"locations":[{"start":{"line":23,"column":24},"end":{"line":23,"column":56}}]},"5":{"type":"branch","line":24,"loc":{"start":{"line":24,"column":13},"end":{"line":24,"column":46}},"locations":[{"start":{"line":24,"column":13},"end":{"line":24,"column":46}}]},"6":{"type":"branch","line":25,"loc":{"start":{"line":25,"column":22},"end":{"line":25,"column":48}},"locations":[{"start":{"line":25,"column":22},"end":{"line":25,"column":48}}]},"7":{"type":"branch","line":27,"loc":{"start":{"line":27,"column":31},"end":{"line":27,"column":34}},"locations":[{"start":{"line":27,"column":31},"end":{"line":27,"column":34}}]},"8":{"type":"branch","line":31,"loc":{"start":{"line":31,"column":25},"end":{"line":36,"column":39}},"locations":[{"start":{"line":31,"column":25},"end":{"line":36,"column":39}}]}},"b":{"0":[5],"1":[1],"2":[6],"3":[6],"4":[0],"5":[0],"6":[0],"7":[6],"8":[1]},"fnMap":{"0":{"name":"sm","decl":{"start":{"line":5,"column":7},"end":{"line":5,"column":58}},"loc":{"start":{"line":5,"column":7},"end":{"line":5,"column":58}},"line":5},"1":{"name":"md","decl":{"start":{"line":6,"column":7},"end":{"line":6,"column":58}},"loc":{"start":{"line":6,"column":7},"end":{"line":6,"column":58}},"line":6},"2":{"name":"lg","decl":{"start":{"line":7,"column":7},"end":{"line":7,"column":58}},"loc":{"start":{"line":7,"column":7},"end":{"line":7,"column":58}},"line":7},"3":{"name":"xl","decl":{"start":{"line":8,"column":7},"end":{"line":8,"column":58}},"loc":{"start":{"line":8,"column":7},"end":{"line":8,"column":58}},"line":8},"4":{"name":"xxl","decl":{"start":{"line":9,"column":8},"end":{"line":10,"column":1}},"loc":{"start":{"line":9,"column":8},"end":{"line":10,"column":1}},"line":9},"5":{"name":"sm","decl":{"start":{"line":13,"column":7},"end":{"line":13,"column":53}},"loc":{"start":{"line":13,"column":7},"end":{"line":13,"column":53}},"line":13},"6":{"name":"md","decl":{"start":{"line":14,"column":7},"end":{"line":14,"column":53}},"loc":{"start":{"line":14,"column":7},"end":{"line":14,"column":53}},"line":14},"7":{"name":"lg","decl":{"start":{"line":15,"column":7},"end":{"line":15,"column":53}},"loc":{"start":{"line":15,"column":7},"end":{"line":15,"column":53}},"line":15},"8":{"name":"xl","decl":{"start":{"line":16,"column":7},"end":{"line":16,"column":53}},"loc":{"start":{"line":16,"column":7},"end":{"line":16,"column":53}},"line":16},"9":{"name":"xxl","decl":{"start":{"line":17,"column":8},"end":{"line":18,"column":1}},"loc":{"start":{"line":17,"column":8},"end":{"line":18,"column":1}},"line":17},"10":{"name":"get","decl":{"start":{"line":27,"column":31},"end":{"line":27,"column":34}},"loc":{"start":{"line":27,"column":31},"end":{"line":27,"column":34}},"line":27},"11":{"name":"mediaQueryTitle","decl":{"start":{"line":31,"column":25},"end":{"line":36,"column":39}},"loc":{"start":{"line":31,"column":25},"end":{"line":36,"column":39}},"line":31}},"f":{"0":0,"1":0,"2":5,"3":0,"4":1,"5":0,"6":6,"7":0,"8":0,"9":0,"10":6,"11":1}}
,"G:\\JOBS\\LANDING-STRAPI\\frontend\\src\\styles\\render-theme.js": {"path":"G:\\JOBS\\LANDING-STRAPI\\frontend\\src\\styles\\render-theme.js","all":false,"statementMap":{"0":{"start":{"line":1,"column":0},"end":{"line":1,"column":26}},"1":{"start":{"line":2,"column":0},"end":{"line":2,"column":48}},"2":{"start":{"line":3,"column":0},"end":{"line":3,"column":50}},"3":{"start":{"line":4,"column":0},"end":{"line":4,"column":32}},"4":{"start":{"line":5,"column":0},"end":{"line":5,"column":0}},"5":{"start":{"line":6,"column":0},"end":{"line":6,"column":72}},"6":{"start":{"line":7,"column":0},"end":{"line":7,"column":42}},"7":{"start":{"line":8,"column":0},"end":{"line":8,"column":73}},"8":{"start":{"line":9,"column":0},"end":{"line":9,"column":2}}},"s":{"0":1,"1":1,"2":1,"3":1,"4":1,"5":1,"6":1,"7":6,"8":6},"branchMap":{"0":{"type":"branch","line":7,"loc":{"start":{"line":7,"column":28},"end":{"line":9,"column":2}},"locations":[{"start":{"line":7,"column":28},"end":{"line":9,"column":2}}]},"1":{"type":"branch","line":9,"loc":{"start":{"line":9,"column":0},"end":{"line":9,"column":2}},"locations":[{"start":{"line":9,"column":0},"end":{"line":9,"column":2}}]}},"b":{"0":[6],"1":[6]},"fnMap":{"0":{"name":"renderTheme","decl":{"start":{"line":7,"column":28},"end":{"line":9,"column":2}},"loc":{"start":{"line":7,"column":28},"end":{"line":9,"column":2}},"line":7},"1":{"name":"get","decl":{"start":{"line":9,"column":0},"end":{"line":9,"column":2}},"loc":{"start":{"line":9,"column":0},"end":{"line":9,"column":2}},"line":9}},"f":{"0":6,"1":6}}
,"G:\\JOBS\\LANDING-STRAPI\\frontend\\src\\styles\\theme.js": {"path":"G:\\JOBS\\LANDING-STRAPI\\frontend\\src\\styles\\theme.js","all":false,"statementMap":{"0":{"start":{"line":1,"column":0},"end":{"line":1,"column":31}},"1":{"start":{"line":2,"column":0},"end":{"line":2,"column":22}},"2":{"start":{"line":3,"column":0},"end":{"line":3,"column":11}},"3":{"start":{"line":4,"column":0},"end":{"line":4,"column":17}},"4":{"start":{"line":5,"column":0},"end":{"line":5,"column":21}},"5":{"start":{"line":6,"column":0},"end":{"line":6,"column":20}},"6":{"start":{"line":7,"column":0},"end":{"line":7,"column":18}},"7":{"start":{"line":8,"column":0},"end":{"line":8,"column":23}},"8":{"start":{"line":9,"column":0},"end":{"line":9,"column":24}},"9":{"start":{"line":10,"column":0},"end":{"line":10,"column":4}},"10":{"start":{"line":11,"column":0},"end":{"line":11,"column":10}},"11":{"start":{"line":12,"column":0},"end":{"line":12,"column":12}},"12":{"start":{"line":13,"column":0},"end":{"line":13,"column":17}},"13":{"start":{"line":14,"column":0},"end":{"line":14,"column":19}},"14":{"start":{"line":15,"column":0},"end":{"line":15,"column":17}},"15":{"start":{"line":16,"column":0},"end":{"line":16,"column":17}},"16":{"start":{"line":17,"column":0},"end":{"line":17,"column":18}},"17":{"start":{"line":18,"column":0},"end":{"line":18,"column":5}},"18":{"start":{"line":19,"column":0},"end":{"line":19,"column":4}},"19":{"start":{"line":20,"column":0},"end":{"line":20,"column":13}},"20":{"start":{"line":21,"column":0},"end":{"line":21,"column":15}},"21":{"start":{"line":22,"column":0},"end":{"line":22,"column":17}},"22":{"start":{"line":23,"column":0},"end":{"line":23,"column":15}},"23":{"start":{"line":24,"column":0},"end":{"line":24,"column":15}},"24":{"start":{"line":25,"column":0},"end":{"line":25,"column":16}},"25":{"start":{"line":26,"column":0},"end":{"line":26,"column":4}},"26":{"start":{"line":27,"column":0},"end":{"line":27,"column":15}},"27":{"start":{"line":28,"column":0},"end":{"line":28,"column":29}},"28":{"start":{"line":29,"column":0},"end":{"line":29,"column":52}},"29":{"start":{"line":30,"column":0},"end":{"line":30,"column":53}},"30":{"start":{"line":31,"column":0},"end":{"line":31,"column":54}},"31":{"start":{"line":32,"column":0},"end":{"line":32,"column":30}},"32":{"start":{"line":33,"column":0},"end":{"line":33,"column":3}},"33":{"start":{"line":34,"column":0},"end":{"line":34,"column":2}}},"s":{"0":1,"1":1,"2":1,"3":1,"4":1,"5":1,"6":1,"7":1,"8":1,"9":1,"10":1,"11":1,"12":1,"13":1,"14":1,"15":1,"16":1,"17":1,"18":1,"19":1,"20":1,"21":1,"22":1,"23":1,"24":1,"25":1,"26":1,"27":1,"28":1,"29":1,"30":1,"31":1,"32":1,"33":13},"branchMap":{"0":{"type":"branch","line":34,"loc":{"start":{"line":34,"column":0},"end":{"line":34,"column":2}},"locations":[{"start":{"line":34,"column":0},"end":{"line":34,"column":2}}]}},"b":{"0":[13]},"fnMap":{"0":{"name":"get","decl":{"start":{"line":34,"column":0},"end":{"line":34,"column":2}},"loc":{"start":{"line":34,"column":0},"end":{"line":34,"column":2}},"line":34}},"f":{"0":13}}
,"G:\\JOBS\\LANDING-STRAPI\\frontend\\src\\templates\\App\\index.jsx": {"path":"G:\\JOBS\\LANDING-STRAPI\\frontend\\src\\templates\\App\\index.jsx","all":false,"statementMap":{"0":{"start":{"line":1,"column":0},"end":{"line":1,"column":51}},"1":{"start":{"line":2,"column":0},"end":{"line":2,"column":35}},"2":{"start":{"line":3,"column":0},"end":{"line":3,"column":0}},"3":{"start":{"line":4,"column":0},"end":{"line":4,"column":17}},"4":{"start":{"line":5,"column":0},"end":{"line":5,"column":10}},"5":{"start":{"line":6,"column":0},"end":{"line":6,"column":25}},"6":{"start":{"line":7,"column":0},"end":{"line":7,"column":22}},"7":{"start":{"line":8,"column":0},"end":{"line":8,"column":32}},"8":{"start":{"line":9,"column":0},"end":{"line":9,"column":23}},"9":{"start":{"line":10,"column":0},"end":{"line":10,"column":10}},"10":{"start":{"line":11,"column":0},"end":{"line":11,"column":4}},"11":{"start":{"line":12,"column":0},"end":{"line":12,"column":1}},"12":{"start":{"line":13,"column":0},"end":{"line":13,"column":0}},"13":{"start":{"line":14,"column":0},"end":{"line":14,"column":20}}},"s":{"0":1,"1":1,"2":1,"3":1,"4":1,"5":1,"6":1,"7":1,"8":1,"9":1,"10":1,"11":1,"12":1,"13":1},"branchMap":{"0":{"type":"branch","line":4,"loc":{"start":{"line":4,"column":0},"end":{"line":14,"column":15}},"locations":[{"start":{"line":4,"column":0},"end":{"line":14,"column":15}}]}},"b":{"0":[1]},"fnMap":{"0":{"name":"Home","decl":{"start":{"line":4,"column":0},"end":{"line":14,"column":15}},"loc":{"start":{"line":4,"column":0},"end":{"line":14,"column":15}},"line":4}},"f":{"0":1}}
,"G:\\JOBS\\LANDING-STRAPI\\frontend\\src\\templates\\App\\styles.js": {"path":"G:\\JOBS\\LANDING-STRAPI\\frontend\\src\\templates\\App\\styles.js","all":false,"statementMap":{"0":{"start":{"line":1,"column":0},"end":{"line":1,"column":39}},"1":{"start":{"line":2,"column":0},"end":{"line":2,"column":42}},"2":{"start":{"line":3,"column":0},"end":{"line":3,"column":0}},"3":{"start":{"line":4,"column":0},"end":{"line":4,"column":76}}},"s":{"0":1,"1":1,"2":1,"3":1},"branchMap":{"0":{"type":"branch","line":4,"loc":{"start":{"line":4,"column":67},"end":{"line":4,"column":76}},"locations":[{"start":{"line":4,"column":67},"end":{"line":4,"column":76}}]}},"b":{"0":[1]},"fnMap":{"0":{"name":"get","decl":{"start":{"line":4,"column":67},"end":{"line":4,"column":76}},"loc":{"start":{"line":4,"column":67},"end":{"line":4,"column":76}},"line":4}},"f":{"0":1}}
}
